<?xml version='1.0' encoding='UTF-8'?>
<testsuite hostname="knoldus-Vostro-3500" name="ApiPerform" tests="1" errors="0" failures="1" skipped="0" time="24897.44" timestamp="2023-05-19T15:57:23">
          <properties>
[...]
</properties>
          <testcase classname="ApiPerform" name="" time="24897.44">
                      <failure message="No Exception or message provided"/>
                    </testcase>
          <system-out><![CDATA[]]></system-out>
          <system-err><![CDATA[]]></system-err>
        </testsuite>